2023-03-16 13:31:12,993 [main] INFO  o.t.s.ThingsboardServerApplication - Starting ThingsboardServerApplication v2.3.0 on ethics-HP-EliteDesk-800-G1-DM with PID 10283 (/usr/share/thingsboard/$
2023-03-16 13:31:12,996 [main] INFO  o.t.s.ThingsboardServerApplication - No active profile set, falling back to default profiles: default
2023-03-16 13:31:13,072 [main] INFO  o.s.b.c.e.AnnotationConfigEmbeddedWebApplicationContext - Refreshing org.springframework.boot.context.embedded.AnnotationConfigEmbeddedWebApplicationConte$
2023-03-16 13:31:13,144 [background-preinit] INFO  o.h.validator.internal.util.Version - HV000001: Hibernate Validator 5.2.4.Final
2023-03-16 13:31:16,032 [main] INFO  o.s.d.r.c.RepositoryConfigurationDelegate - Multiple Spring Data modules found, entering strict repository configuration mode!
2023-03-16 13:31:16,634 [main] INFO  o.s.d.r.c.RepositoryConfigurationDelegate - Multiple Spring Data modules found, entering strict repository configuration mode!
2023-03-16 13:31:16,851 [main] INFO  o.s.d.r.c.RepositoryConfigurationExtensionSupport - Spring Data Redis - Could not safely identify store assignment for repository candidate interface org.$
2023-03-16 13:31:16,851 [main] INFO  o.s.d.r.c.RepositoryConfigurationExtensionSupport - Spring Data Redis - Could not safely identify store assignment for repository candidate interface org.$
2023-03-16 13:31:16,851 [main] INFO  o.s.d.r.c.RepositoryConfigurationExtensionSupport - Spring Data Redis - Could not safely identify store assignment for repository candidate interface org.$
2023-03-16 13:31:16,852 [main] INFO  o.s.d.r.c.RepositoryConfigurationExtensionSupport - Spring Data Redis - Could not safely identify store assignment for repository candidate interface org.$
2023-03-16 13:31:16,852 [main] INFO  o.s.d.r.c.RepositoryConfigurationExtensionSupport - Spring Data Redis - Could not safely identify store assignment for repository candidate interface org.$
2023-03-16 13:31:16,852 [main] INFO  o.s.d.r.c.RepositoryConfigurationExtensionSupport - Spring Data Redis - Could not safely identify store assignment for repository candidate interface org.$
2023-03-16 13:31:16,852 [main] INFO  o.s.d.r.c.RepositoryConfigurationExtensionSupport - Spring Data Redis - Could not safely identify store assignment for repository candidate interface org.$
2023-03-16 13:31:16,853 [main] INFO  o.s.d.r.c.RepositoryConfigurationExtensionSupport - Spring Data Redis - Could not safely identify store assignment for repository candidate interface org.$
2023-03-16 13:31:16,853 [main] INFO  o.s.d.r.c.RepositoryConfigurationExtensionSupport - Spring Data Redis - Could not safely identify store assignment for repository candidate interface org.$
2023-03-16 13:31:16,853 [main] INFO  o.s.d.r.c.RepositoryConfigurationExtensionSupport - Spring Data Redis - Could not safely identify store assignment for repository candidate interface org.$
2023-03-16 13:31:16,853 [main] INFO  o.s.d.r.c.RepositoryConfigurationExtensionSupport - Spring Data Redis - Could not safely identify store assignment for repository candidate interface org.$
2023-03-16 13:31:16,853 [main] INFO  o.s.d.r.c.RepositoryConfigurationExtensionSupport - Spring Data Redis - Could not safely identify store assignment for repository candidate interface org.$
2023-03-16 13:31:16,854 [main] INFO  o.s.d.r.c.RepositoryConfigurationExtensionSupport - Spring Data Redis - Could not safely identify store assignment for repository candidate interface org.$
2023-03-16 13:31:16,854 [main] INFO  o.s.d.r.c.RepositoryConfigurationExtensionSupport - Spring Data Redis - Could not safely identify store assignment for repository candidate interface org.$
2023-03-16 13:31:16,854 [main] INFO  o.s.d.r.c.RepositoryConfigurationExtensionSupport - Spring Data Redis - Could not safely identify store assignment for repository candidate interface org.$
2023-03-16 13:31:16,854 [main] INFO  o.s.d.r.c.RepositoryConfigurationExtensionSupport - Spring Data Redis - Could not safely identify store assignment for repository candidate interface org.$
2023-03-16 13:31:16,854 [main] INFO  o.s.d.r.c.RepositoryConfigurationExtensionSupport - Spring Data Redis - Could not safely identify store assignment for repository candidate interface org.$
2023-03-16 13:31:16,854 [main] INFO  o.s.d.r.c.RepositoryConfigurationExtensionSupport - Spring Data Redis - Could not safely identify store assignment for repository candidate interface org.$
2023-03-16 13:31:16,855 [main] INFO  o.s.d.r.c.RepositoryConfigurationExtensionSupport - Spring Data Redis - Could not safely identify store assignment for repository candidate interface org.$
2023-03-16 13:31:16,855 [main] INFO  o.s.d.r.c.RepositoryConfigurationExtensionSupport - Spring Data Redis - Could not safely identify store assignment for repository candidate interface org.$
2023-03-16 13:31:16,855 [main] INFO  o.s.d.r.c.RepositoryConfigurationExtensionSupport - Spring Data Redis - Could not safely identify store assignment for repository candidate interface org.$
2023-03-16 13:31:16,855 [main] INFO  o.s.d.r.c.RepositoryConfigurationExtensionSupport - Spring Data Redis - Could not safely identify store assignment for repository candidate interface org.$
2023-03-16 13:31:16,855 [main] INFO  o.s.d.r.c.RepositoryConfigurationExtensionSupport - Spring Data Redis - Could not safely identify store assignment for repository candidate interface org.$
2023-03-16 13:31:17,461 [main] INFO  o.s.c.s.PostProcessorRegistrationDelegate$BeanPostProcessorChecker - Bean 'org.springframework.transaction.annotation.ProxyTransactionManagementConfigurat$
2023-03-16 13:31:17,521 [main] INFO  o.s.c.s.PostProcessorRegistrationDelegate$BeanPostProcessorChecker - Bean 'org.springframework.cache.annotation.ProxyCachingConfiguration' of type [class $
2023-03-16 13:31:17,605 [main] INFO  o.s.c.s.PostProcessorRegistrationDelegate$BeanPostProcessorChecker - Bean 'org.springframework.security.config.annotation.configuration.ObjectPostProcesso$
2023-03-16 13:31:17,622 [main] INFO  o.s.c.s.PostProcessorRegistrationDelegate$BeanPostProcessorChecker - Bean 'objectPostProcessor' of type [class org.springframework.security.config.annotat$
2023-03-16 13:31:17,625 [main] INFO  o.s.c.s.PostProcessorRegistrationDelegate$BeanPostProcessorChecker - Bean 'org.springframework.security.access.expression.method.DefaultMethodSecurityExpr$
2023-03-16 13:31:17,640 [main] INFO  o.s.c.s.PostProcessorRegistrationDelegate$BeanPostProcessorChecker - Bean 'org.springframework.security.config.annotation.method.configuration.GlobalMetho$
2023-03-16 13:31:17,667 [main] INFO  o.s.c.s.PostProcessorRegistrationDelegate$BeanPostProcessorChecker - Bean 'methodSecurityMetadataSource' of type [class org.springframework.security.acces$
2023-03-16 13:31:18,414 [main] INFO  o.s.b.c.e.t.TomcatEmbeddedServletContainer - Tomcat initialized with port(s): 9080 (http)
2023-03-16 13:31:18,431 [main] INFO  o.a.catalina.core.StandardService - Starting service Tomcat
2023-03-16 13:31:18,432 [main] INFO  o.a.catalina.core.StandardEngine - Starting Servlet Engine: Apache Tomcat/8.5.6
2023-03-16 13:31:18,538 [localhost-startStop-1] INFO  o.a.c.c.C.[Tomcat].[localhost].[/] - Initializing Spring embedded WebApplicationContext
2023-03-16 13:31:18,538 [localhost-startStop-1] INFO  o.s.web.context.ContextLoader - Root WebApplicationContext: initialization completed in 5466 ms
2023-03-16 13:31:20,066 [localhost-startStop-1] INFO  o.s.o.j.LocalContainerEntityManagerFactoryBean - Building JPA container EntityManagerFactory for persistence unit 'default'
2023-03-16 13:31:20,120 [localhost-startStop-1] INFO  o.h.jpa.internal.util.LogHelper - HHH000204: Processing PersistenceUnitInfo [
        name: default
        ...]
2023-03-16 13:31:20,336 [localhost-startStop-1] INFO  org.hibernate.Version - HHH000412: Hibernate Core {5.0.11.Final}
2023-03-16 13:31:20,340 [localhost-startStop-1] INFO  org.hibernate.cfg.Environment - HHH000206: hibernate.properties not found
2023-03-16 13:31:20,342 [localhost-startStop-1] INFO  org.hibernate.cfg.Environment - HHH000021: Bytecode provider name : javassist
2023-03-16 13:31:20,449 [localhost-startStop-1] INFO  o.h.annotations.common.Version - HCANN000001: Hibernate Commons Annotations {5.0.1.Final}
2023-03-16 13:31:20,925 [localhost-startStop-1] INFO  org.hibernate.dialect.Dialect - HHH000400: Using dialect: org.hibernate.dialect.PostgreSQL81Dialect
2023-03-16 13:31:21,046 [localhost-startStop-1] INFO  o.h.e.j.e.i.LobCreatorBuilderImpl - HHH000424: Disabling contextual LOB creation as createClob() method threw error : java.lang.reflect.I$
2023-03-16 13:31:22,753 [localhost-startStop-1] INFO  o.h.h.i.QueryTranslatorFactoryInitiator - HHH000397: Using ASTQueryTranslatorFactory
2023-03-16 13:31:24,906 [localhost-startStop-1] INFO  o.s.b.w.s.FilterRegistrationBean - Mapping filter: 'characterEncodingFilter' to: [/*]
2023-03-16 13:31:24,906 [localhost-startStop-1] INFO  o.s.b.w.s.FilterRegistrationBean - Mapping filter: 'hiddenHttpMethodFilter' to: [/*]
2023-03-16 13:31:24,906 [localhost-startStop-1] INFO  o.s.b.w.s.FilterRegistrationBean - Mapping filter: 'httpPutFormContentFilter' to: [/*]
2023-03-16 13:31:24,906 [localhost-startStop-1] INFO  o.s.b.w.s.FilterRegistrationBean - Mapping filter: 'requestContextFilter' to: [/*]
2023-03-16 13:31:24,908 [localhost-startStop-1] INFO  o.s.b.w.s.DelegatingFilterProxyRegistrationBean - Mapping filter: 'springSecurityFilterChain' to: [/*]
2023-03-16 13:31:24,908 [localhost-startStop-1] INFO  o.s.b.w.s.FilterRegistrationBean - Mapping filter: 'rateLimitProcessingFilter' to: [/*]
2023-03-16 13:31:24,908 [localhost-startStop-1] INFO  o.s.b.w.s.FilterRegistrationBean - Mapping filter: 'buildRestLoginProcessingFilter' to: [/*]
2023-03-16 13:31:24,908 [localhost-startStop-1] INFO  o.s.b.w.s.FilterRegistrationBean - Mapping filter: 'buildRestPublicLoginProcessingFilter' to: [/*]
2023-03-16 13:31:24,908 [localhost-startStop-1] INFO  o.s.b.w.s.FilterRegistrationBean - Mapping filter: 'buildJwtTokenAuthenticationProcessingFilter' to: [/*]
2023-03-16 13:31:24,909 [localhost-startStop-1] INFO  o.s.b.w.s.FilterRegistrationBean - Mapping filter: 'buildRefreshTokenProcessingFilter' to: [/*]
2023-03-16 13:31:24,909 [localhost-startStop-1] INFO  o.s.b.w.s.FilterRegistrationBean - Mapping filter: 'buildWsJwtTokenAuthenticationProcessingFilter' to: [/*]
2023-03-16 13:31:24,909 [localhost-startStop-1] INFO  o.s.b.w.s.FilterRegistrationBean - Mapping filter: 'corsFilter' to: [/*]
2023-03-16 13:31:24,909 [localhost-startStop-1] INFO  o.s.b.w.s.FilterRegistrationBean - Mapping filter: 'resourceUrlEncodingFilter' to: [/*]
2023-03-16 13:31:24,909 [localhost-startStop-1] INFO  o.s.b.w.s.ServletRegistrationBean - Mapping servlet: 'dispatcherServlet' to [/]
2023-03-16 13:31:25,191 [main] INFO  o.t.s.s.e.EnvironmentLogService - Thingsboard server environment: zookeeper.version=3.5.3-beta-8ce24f9e675cbefffb8f21a47e06b42864475a60, built on 04/03/20$
2023-03-16 13:31:25,192 [main] INFO  o.t.s.s.e.EnvironmentLogService - Thingsboard server environment: host.name=ethics-HP-EliteDesk-800-G1-DM
2023-03-16 13:31:25,192 [main] INFO  o.t.s.s.e.EnvironmentLogService - Thingsboard server environment: java.version=1.8.0_362
2023-03-16 13:31:25,192 [main] INFO  o.t.s.s.e.EnvironmentLogService - Thingsboard server environment: java.vendor=Private Build
2023-03-16 13:31:25,192 [main] INFO  o.t.s.s.e.EnvironmentLogService - Thingsboard server environment: java.home=/usr/lib/jvm/java-8-openjdk-amd64/jre
2023-03-16 13:31:25,192 [main] INFO  o.t.s.s.e.EnvironmentLogService - Thingsboard server environment: java.class.path=/usr/share/thingsboard/bin/thingsboard.jar
2023-03-16 13:31:25,192 [main] INFO  o.t.s.s.e.EnvironmentLogService - Thingsboard server environment: java.library.path=/usr/java/packages/lib/amd64:/usr/lib/x86_64-linux-gnu/jni:/lib/x86_64$
2023-03-16 13:31:25,192 [main] INFO  o.t.s.s.e.EnvironmentLogService - Thingsboard server environment: java.io.tmpdir=/tmp
2023-03-16 13:31:25,192 [main] INFO  o.t.s.s.e.EnvironmentLogService - Thingsboard server environment: java.compiler=<NA>
2023-03-16 13:31:25,192 [main] INFO  o.t.s.s.e.EnvironmentLogService - Thingsboard server environment: os.name=Linux
2023-03-16 13:31:25,192 [main] INFO  o.t.s.s.e.EnvironmentLogService - Thingsboard server environment: os.arch=amd64
2023-03-16 13:31:25,192 [main] INFO  o.t.s.s.e.EnvironmentLogService - Thingsboard server environment: os.version=5.4.0-144-generic
2023-03-16 13:31:25,192 [main] INFO  o.t.s.s.e.EnvironmentLogService - Thingsboard server environment: user.name=thingsboard
2023-03-16 13:31:25,192 [main] INFO  o.t.s.s.e.EnvironmentLogService - Thingsboard server environment: user.home=/usr/share/thingsboard
2023-03-16 13:31:25,192 [main] INFO  o.t.s.s.e.EnvironmentLogService - Thingsboard server environment: user.dir=/usr/share/thingsboard/bin
2023-03-16 13:31:25,192 [main] INFO  o.t.s.s.e.EnvironmentLogService - Thingsboard server environment: os.memory.free=162MB
2023-03-16 13:31:25,192 [main] INFO  o.t.s.s.e.EnvironmentLogService - Thingsboard server environment: os.memory.free=162MB
2023-03-16 13:31:25,192 [main] INFO  o.t.s.s.e.EnvironmentLogService - Thingsboard server environment: os.memory.max=247MB
2023-03-16 13:31:25,192 [main] INFO  o.t.s.s.e.EnvironmentLogService - Thingsboard server environment: os.memory.total=247MB
2023-03-16 13:31:25,205 [main] INFO  o.t.s.s.c.d.CurrentServerInstanceService - Current server instance: [localhost;9001]
2023-03-16 13:31:25,207 [main] INFO  o.t.s.s.c.d.DummyDiscoveryService - Initializing...
2023-03-16 13:31:26,185 [main] INFO  o.t.s.s.c.r.ConsistentClusterRoutingService - Initializing Cluster routing service!
2023-03-16 13:31:26,199 [main] INFO  o.t.s.s.c.r.ConsistentClusterRoutingService - Cluster routing service initialized!
2023-03-16 13:31:26,512 [main] INFO  o.t.s.s.c.AnnotationComponentDiscoveryService - Processing scanned component: ComponentDescriptor(type=ACTION, scope=TENANT, name=generator, clazz=org.thi$
2023-03-16 13:31:26,737 [main] INFO  o.t.s.s.c.AnnotationComponentDiscoveryService - Component is already persisted: ComponentDescriptor(type=ACTION, scope=TENANT, name=generator, clazz=org.t$
2023-03-16 13:31:26,747 [main] INFO  o.t.s.s.c.AnnotationComponentDiscoveryService - Processing scanned component: ComponentDescriptor(type=FILTER, scope=TENANT, name=originator type, clazz=o$
2023-03-16 13:31:26,749 [main] INFO  o.t.s.s.c.AnnotationComponentDiscoveryService - Component is already persisted: ComponentDescriptor(type=FILTER, scope=TENANT, name=originator type, clazz$
2023-03-16 13:31:26,754 [main] INFO  o.t.s.s.c.AnnotationComponentDiscoveryService - Processing scanned component: ComponentDescriptor(type=ACTION, scope=TENANT, name=rpc call reply, clazz=or$
2023-03-16 13:31:26,761 [main] INFO  o.t.s.s.c.AnnotationComponentDiscoveryService - Component is already persisted: ComponentDescriptor(type=ACTION, scope=TENANT, name=rpc call reply, clazz=$
2023-03-16 13:31:26,770 [main] INFO  o.t.s.s.c.AnnotationComponentDiscoveryService - Processing scanned component: ComponentDescriptor(type=ACTION, scope=TENANT, name=create alarm, clazz=org.$
2023-03-16 13:31:26,774 [main] INFO  o.t.s.s.c.AnnotationComponentDiscoveryService - Component is already persisted: ComponentDescriptor(type=ACTION, scope=TENANT, name=create alarm, clazz=or$
2023-03-16 13:31:26,780 [main] INFO  o.t.s.s.c.AnnotationComponentDiscoveryService - Processing scanned component: ComponentDescriptor(type=FILTER, scope=TENANT, name=originator type switch, $
2023-03-16 13:31:26,786 [main] INFO  o.t.s.s.c.AnnotationComponentDiscoveryService - Component is already persisted: ComponentDescriptor(type=FILTER, scope=TENANT, name=originator type switch$
2023-03-16 13:31:26,796 [main] INFO  o.t.s.s.c.AnnotationComponentDiscoveryService - Processing scanned component: ComponentDescriptor(type=ACTION, scope=TENANT, name=delay, clazz=org.thingsb$
2023-03-16 13:31:26,805 [main] INFO  o.t.s.s.c.AnnotationComponentDiscoveryService - Component is already persisted: ComponentDescriptor(type=ACTION, scope=TENANT, name=delay, clazz=org.thing$
2023-03-16 13:31:26,812 [main] INFO  o.t.s.s.c.AnnotationComponentDiscoveryService - Processing scanned component: ComponentDescriptor(type=ACTION, scope=TENANT, name=message count, clazz=org$
2023-03-16 13:31:26,815 [main] INFO  o.t.s.s.c.AnnotationComponentDiscoveryService - Component is already persisted: ComponentDescriptor(type=ACTION, scope=TENANT, name=message count, clazz=o$
2023-03-16 13:31:26,856 [main] INFO  o.t.s.s.c.AnnotationComponentDiscoveryService - Processing scanned component: ComponentDescriptor(type=ACTION, scope=TENANT, name=delete relation, clazz=o$
2023-03-16 13:31:26,875 [main] INFO  o.t.s.s.c.AnnotationComponentDiscoveryService - Component ComponentDescriptor(type=ACTION, scope=TENANT, name=delete relation, clazz=org.thingsboard.rule.$
2023-03-16 13:31:27,229 [pool-27-thread-1] INFO  com.datastax.driver.core.utils.UUIDs - PID obtained through native call to getpid(): 10283
2023-03-16 13:31:27,282 [main] INFO  o.t.s.s.c.AnnotationComponentDiscoveryService - Processing scanned component: ComponentDescriptor(type=FILTER, scope=TENANT, name=script, clazz=org.things$
2023-03-16 13:31:27,284 [main] INFO  o.t.s.s.c.AnnotationComponentDiscoveryService - Component is already persisted: ComponentDescriptor(type=FILTER, scope=TENANT, name=script, clazz=org.thin$
2023-03-16 13:31:27,298 [main] INFO  o.t.s.s.c.AnnotationComponentDiscoveryService - Processing scanned component: ComponentDescriptor(type=EXTERNAL, scope=TENANT, name=rabbitmq, clazz=org.th$
2023-03-16 13:31:27,300 [main] INFO  o.t.s.s.c.AnnotationComponentDiscoveryService - Component is already persisted: ComponentDescriptor(type=EXTERNAL, scope=TENANT, name=rabbitmq, clazz=org.$
2023-03-16 13:31:27,303 [main] INFO  o.t.s.s.c.AnnotationComponentDiscoveryService - Processing scanned component: ComponentDescriptor(type=ACTION, scope=TENANT, name=save timeseries, clazz=o$
2023-03-16 13:31:27,305 [main] INFO  o.t.s.s.c.AnnotationComponentDiscoveryService - Component ComponentDescriptor(type=ACTION, scope=TENANT, name=save timeseries, clazz=org.thingsboard.rule.$
2023-03-16 13:31:27,316 [main] INFO  o.t.s.s.c.AnnotationComponentDiscoveryService - Processing scanned component: ComponentDescriptor(type=ACTION, scope=TENANT, name=synchronization start, c$
2023-03-16 13:31:27,318 [main] INFO  o.t.s.s.c.AnnotationComponentDiscoveryService - Component is already persisted: ComponentDescriptor(type=ACTION, scope=TENANT, name=synchronization start,$
2023-03-16 13:31:27,328 [main] INFO  o.t.s.s.c.AnnotationComponentDiscoveryService - Processing scanned component: ComponentDescriptor(type=TRANSFORMATION, scope=TENANT, name=change originato$
2023-03-16 13:31:27,331 [main] INFO  o.t.s.s.c.AnnotationComponentDiscoveryService - Component is already persisted: ComponentDescriptor(type=TRANSFORMATION, scope=TENANT, name=change origina$
2023-03-16 13:31:27,336 [main] INFO  o.t.s.s.c.AnnotationComponentDiscoveryService - Processing scanned component: ComponentDescriptor(type=ENRICHMENT, scope=TENANT, name=originator telemetry$
2023-03-16 13:31:27,338 [main] INFO  o.t.s.s.c.AnnotationComponentDiscoveryService - Component is already persisted: ComponentDescriptor(type=ENRICHMENT, scope=TENANT, name=originator telemet$
2023-03-16 13:31:27,344 [main] INFO  o.t.s.s.c.AnnotationComponentDiscoveryService - Processing scanned component: ComponentDescriptor(type=EXTERNAL, scope=TENANT, name=rest api call, clazz=o$
2023-03-16 13:31:27,346 [main] INFO  o.t.s.s.c.AnnotationComponentDiscoveryService - Component is already persisted: ComponentDescriptor(type=EXTERNAL, scope=TENANT, name=rest api call, clazz$
2023-03-16 13:31:27,351 [main] INFO  o.t.s.s.c.AnnotationComponentDiscoveryService - Processing scanned component: ComponentDescriptor(type=FILTER, scope=TENANT, name=switch, clazz=org.things$
2023-03-16 13:31:27,353 [main] INFO  o.t.s.s.c.AnnotationComponentDiscoveryService - Component is already persisted: ComponentDescriptor(type=FILTER, scope=TENANT, name=switch, clazz=org.thin$
2023-03-16 13:31:27,355 [main] INFO  o.t.s.s.c.AnnotationComponentDiscoveryService - Processing scanned component: ComponentDescriptor(type=ACTION, scope=TENANT, name=copy to view, clazz=org.$
2023-03-16 13:31:27,357 [main] INFO  o.t.s.s.c.AnnotationComponentDiscoveryService - Component is already persisted: ComponentDescriptor(type=ACTION, scope=TENANT, name=copy to view, clazz=or$
2023-03-16 13:31:27,361 [main] INFO  o.t.s.s.c.AnnotationComponentDiscoveryService - Processing scanned component: ComponentDescriptor(type=ENRICHMENT, scope=TENANT, name=tenant attributes, c$
2023-03-16 13:31:27,363 [main] INFO  o.t.s.s.c.AnnotationComponentDiscoveryService - Component is already persisted: ComponentDescriptor(type=ENRICHMENT, scope=TENANT, name=tenant attributes,$
2023-03-16 13:31:27,366 [main] INFO  o.t.s.s.c.AnnotationComponentDiscoveryService - Processing scanned component: ComponentDescriptor(type=FILTER, scope=TENANT, name=message type, clazz=org.$
2023-03-16 13:31:27,368 [main] INFO  o.t.s.s.c.AnnotationComponentDiscoveryService - Component is already persisted: ComponentDescriptor(type=FILTER, scope=TENANT, name=message type, clazz=or$
2023-03-16 13:31:27,372 [main] INFO  o.t.s.s.c.AnnotationComponentDiscoveryService - Processing scanned component: ComponentDescriptor(type=ENRICHMENT, scope=TENANT, name=originator attribute$
2023-03-16 13:31:27,375 [main] INFO  o.t.s.s.c.AnnotationComponentDiscoveryService - Component is already persisted: ComponentDescriptor(type=ENRICHMENT, scope=TENANT, name=originator attribu$
2023-03-16 13:31:27,403 [main] INFO  o.t.s.s.c.AnnotationComponentDiscoveryService - Processing scanned component: ComponentDescriptor(type=EXTERNAL, scope=TENANT, name=mqtt, clazz=org.things$
2023-03-16 13:31:27,405 [main] INFO  o.t.s.s.c.AnnotationComponentDiscoveryService - Component is already persisted: ComponentDescriptor(type=EXTERNAL, scope=TENANT, name=mqtt, clazz=org.thin$
2023-03-16 13:31:27,411 [main] INFO  o.t.s.s.c.AnnotationComponentDiscoveryService - Processing scanned component: ComponentDescriptor(type=EXTERNAL, scope=TENANT, name=kafka, clazz=org.thing$
2023-03-16 13:31:27,413 [main] INFO  o.t.s.s.c.AnnotationComponentDiscoveryService - Component is already persisted: ComponentDescriptor(type=EXTERNAL, scope=TENANT, name=kafka, clazz=org.thi$
2023-03-16 13:31:27,416 [main] INFO  o.t.s.s.c.AnnotationComponentDiscoveryService - Processing scanned component: ComponentDescriptor(type=ENRICHMENT, scope=TENANT, name=originator fields, c$
2023-03-16 13:31:27,418 [main] INFO  o.t.s.s.c.AnnotationComponentDiscoveryService - Component is already persisted: ComponentDescriptor(type=ENRICHMENT, scope=TENANT, name=originator fields,$
2023-03-16 13:31:27,424 [main] INFO  o.t.s.s.c.AnnotationComponentDiscoveryService - Processing scanned component: ComponentDescriptor(type=EXTERNAL, scope=TENANT, name=aws sqs, clazz=org.thi$
2023-03-16 13:31:27,426 [main] INFO  o.t.s.s.c.AnnotationComponentDiscoveryService - Component is already persisted: ComponentDescriptor(type=EXTERNAL, scope=TENANT, name=aws sqs, clazz=org.t$
2023-03-16 13:31:27,429 [main] INFO  o.t.s.s.c.AnnotationComponentDiscoveryService - Processing scanned component: ComponentDescriptor(type=ENRICHMENT, scope=TENANT, name=related attributes, $
2023-03-16 13:31:27,431 [main] INFO  o.t.s.s.c.AnnotationComponentDiscoveryService - Component is already persisted: ComponentDescriptor(type=ENRICHMENT, scope=TENANT, name=related attributes$
2023-03-16 13:31:27,433 [main] INFO  o.t.s.s.c.AnnotationComponentDiscoveryService - Processing scanned component: ComponentDescriptor(type=TRANSFORMATION, scope=TENANT, name=script, clazz=or$
2023-03-16 13:31:27,435 [main] INFO  o.t.s.s.c.AnnotationComponentDiscoveryService - Component is already persisted: ComponentDescriptor(type=TRANSFORMATION, scope=TENANT, name=script, clazz=$
2023-03-16 13:31:27,438 [main] INFO  o.t.s.s.c.AnnotationComponentDiscoveryService - Processing scanned component: ComponentDescriptor(type=EXTERNAL, scope=TENANT, name=aws sns, clazz=org.thi$
2023-03-16 13:31:27,440 [main] INFO  o.t.s.s.c.AnnotationComponentDiscoveryService - Component is already persisted: ComponentDescriptor(type=EXTERNAL, scope=TENANT, name=aws sns, clazz=org.t$
2023-03-16 13:31:27,443 [main] INFO  o.t.s.s.c.AnnotationComponentDiscoveryService - Processing scanned component: ComponentDescriptor(type=FILTER, scope=TENANT, name=check relation, clazz=or$
2023-03-16 13:31:27,445 [main] INFO  o.t.s.s.c.AnnotationComponentDiscoveryService - Component is already persisted: ComponentDescriptor(type=FILTER, scope=TENANT, name=check relation, clazz=$
2023-03-16 13:31:27,448 [main] INFO  o.t.s.s.c.AnnotationComponentDiscoveryService - Processing scanned component: ComponentDescriptor(type=TRANSFORMATION, scope=TENANT, name=to email, clazz=$
2023-03-16 13:31:27,450 [main] INFO  o.t.s.s.c.AnnotationComponentDiscoveryService - Component is already persisted: ComponentDescriptor(type=TRANSFORMATION, scope=TENANT, name=to email, claz$
2023-03-16 13:31:27,454 [main] INFO  o.t.s.s.c.AnnotationComponentDiscoveryService - Processing scanned component: ComponentDescriptor(type=ACTION, scope=TENANT, name=create relation, clazz=o$
2023-03-16 13:31:27,456 [main] INFO  o.t.s.s.c.AnnotationComponentDiscoveryService - Component ComponentDescriptor(type=ACTION, scope=TENANT, name=create relation, clazz=org.thingsboard.rule.$
2023-03-16 13:31:27,466 [main] INFO  o.t.s.s.c.AnnotationComponentDiscoveryService - Processing scanned component: ComponentDescriptor(type=ACTION, scope=TENANT, name=save attributes, clazz=o$
2023-03-16 13:31:27,468 [main] INFO  o.t.s.s.c.AnnotationComponentDiscoveryService - Component is already persisted: ComponentDescriptor(type=ACTION, scope=TENANT, name=save attributes, clazz$
2023-03-16 13:31:27,469 [main] INFO  o.t.s.s.c.AnnotationComponentDiscoveryService - Processing scanned component: ComponentDescriptor(type=ACTION, scope=TENANT, name=synchronization end, cla$
2023-03-16 13:31:27,471 [main] INFO  o.t.s.s.c.AnnotationComponentDiscoveryService - Component is already persisted: ComponentDescriptor(type=ACTION, scope=TENANT, name=synchronization end, c$
2023-03-16 13:31:27,475 [main] INFO  o.t.s.s.c.AnnotationComponentDiscoveryService - Processing scanned component: ComponentDescriptor(type=ENRICHMENT, scope=TENANT, name=device attributes, c$
2023-03-16 13:31:27,477 [main] INFO  o.t.s.s.c.AnnotationComponentDiscoveryService - Component is already persisted: ComponentDescriptor(type=ENRICHMENT, scope=TENANT, name=device attributes,$
2023-03-16 13:31:27,480 [main] INFO  o.t.s.s.c.AnnotationComponentDiscoveryService - Processing scanned component: ComponentDescriptor(type=ACTION, scope=TENANT, name=log, clazz=org.thingsboa$
2023-03-16 13:31:27,481 [main] INFO  o.t.s.s.c.AnnotationComponentDiscoveryService - Component is already persisted: ComponentDescriptor(type=ACTION, scope=TENANT, name=log, clazz=org.thingsb$
2023-03-16 13:31:27,484 [main] INFO  o.t.s.s.c.AnnotationComponentDiscoveryService - Processing scanned component: ComponentDescriptor(type=EXTERNAL, scope=TENANT, name=send email, clazz=org.$
2023-03-16 13:31:27,487 [main] INFO  o.t.s.s.c.AnnotationComponentDiscoveryService - Component is already persisted: ComponentDescriptor(type=EXTERNAL, scope=TENANT, name=send email, clazz=or$
2023-03-16 13:31:27,492 [main] INFO  o.t.s.s.c.AnnotationComponentDiscoveryService - Processing scanned component: ComponentDescriptor(type=ACTION, scope=TENANT, name=unassign from customer, $
2023-03-16 13:31:27,494 [main] INFO  o.t.s.s.c.AnnotationComponentDiscoveryService - Component ComponentDescriptor(type=ACTION, scope=TENANT, name=unassign from customer, clazz=org.thingsboar$
2023-03-16 13:31:27,503 [main] INFO  o.t.s.s.c.AnnotationComponentDiscoveryService - Processing scanned component: ComponentDescriptor(type=ENRICHMENT, scope=TENANT, name=customer attributes,$
2023-03-16 13:31:27,505 [main] INFO  o.t.s.s.c.AnnotationComponentDiscoveryService - Component is already persisted: ComponentDescriptor(type=ENRICHMENT, scope=TENANT, name=customer attribute$
2023-03-16 13:31:27,506 [main] INFO  o.t.s.s.c.AnnotationComponentDiscoveryService - Processing scanned component: ComponentDescriptor(type=FILTER, scope=TENANT, name=message type switch, cla$
2023-03-16 13:31:27,509 [main] INFO  o.t.s.s.c.AnnotationComponentDiscoveryService - Component is already persisted: ComponentDescriptor(type=FILTER, scope=TENANT, name=message type switch, c$
2023-03-16 13:31:27,512 [main] INFO  o.t.s.s.c.AnnotationComponentDiscoveryService - Processing scanned component: ComponentDescriptor(type=ACTION, scope=TENANT, name=clear alarm, clazz=org.t$
2023-03-16 13:31:27,514 [main] INFO  o.t.s.s.c.AnnotationComponentDiscoveryService - Component is already persisted: ComponentDescriptor(type=ACTION, scope=TENANT, name=clear alarm, clazz=org$
2023-03-16 13:31:27,517 [main] INFO  o.t.s.s.c.AnnotationComponentDiscoveryService - Processing scanned component: ComponentDescriptor(type=ACTION, scope=TENANT, name=rpc call request, clazz=$
2023-03-16 13:31:27,518 [main] INFO  o.t.s.s.c.AnnotationComponentDiscoveryService - Component is already persisted: ComponentDescriptor(type=ACTION, scope=TENANT, name=rpc call request, claz$
2023-03-16 13:31:27,522 [main] INFO  o.t.s.s.c.AnnotationComponentDiscoveryService - Processing scanned component: ComponentDescriptor(type=ACTION, scope=TENANT, name=assign to customer, claz$
2023-03-16 13:31:27,524 [main] INFO  o.t.s.s.c.AnnotationComponentDiscoveryService - Component ComponentDescriptor(type=ACTION, scope=TENANT, name=assign to customer, clazz=org.thingsboard.ru$
2023-03-16 13:31:27,589 [main] INFO  o.t.s.s.c.AnnotationComponentDiscoveryService - Processing scanned component: ComponentDescriptor(type=FILTER, scope=TENANT, name=check existence fields, $
2023-03-16 13:31:27,592 [main] INFO  o.t.s.s.c.AnnotationComponentDiscoveryService - Component is already persisted: ComponentDescriptor(type=FILTER, scope=TENANT, name=check existence fields$
2023-03-16 13:31:27,592 [main] INFO  o.t.s.s.c.AnnotationComponentDiscoveryService - Found following definitions: [ComponentDescriptor(type=TRANSFORMATION, scope=TENANT, name=change originato$
2023-03-16 13:31:28,411 [main] INFO  o.s.w.s.v.v.VelocityConfigurer - ClasspathResourceLoader with name 'springMacro' added to configured VelocityEngine
2023-03-16 13:31:28,571 [main] WARN  o.s.b.c.e.AnnotationConfigEmbeddedWebApplicationContext - Exception encountered during context initialization - cancelling refresh attempt: org.springfram$
2023-03-16 13:31:28,584 [main] INFO  o.s.o.j.LocalContainerEntityManagerFactoryBean - Closing JPA EntityManagerFactory for persistence unit 'default'
2023-03-16 13:31:28,594 [main] INFO  o.a.catalina.core.StandardService - Stopping service Tomcat
2023-03-16 13:31:28,607 [main] WARN  o.s.boot.SpringApplication - Error handling failed (Error creating bean with name 'delegatingApplicationListener' defined in class path resource [org/spri$
2023-03-16 13:31:28,615 [main] ERROR o.s.boot.SpringApplication - Application startup failed
org.springframework.beans.factory.UnsatisfiedDependencyException: Error creating bean with name 'widgetTypeController': Unsatisfied dependency expressed through field 'actorService'; nested e$
        at org.springframework.beans.factory.annotation.AutowiredAnnotationBeanPostProcessor$AutowiredFieldElement.inject(AutowiredAnnotationBeanPostProcessor.java:592)
        at org.springframework.beans.factory.annotation.InjectionMetadata.inject(InjectionMetadata.java:88)
        at org.springframework.beans.factory.annotation.AutowiredAnnotationBeanPostProcessor.postProcessPropertyValues(AutowiredAnnotationBeanPostProcessor.java:370)
        at org.springframework.beans.factory.support.AbstractAutowireCapableBeanFactory.populateBean(AbstractAutowireCapableBeanFactory.java:1219)
        at org.springframework.beans.factory.support.AbstractAutowireCapableBeanFactory.doCreateBean(AbstractAutowireCapableBeanFactory.java:551)
        at org.springframework.beans.factory.support.AbstractAutowireCapableBeanFactory.createBean(AbstractAutowireCapableBeanFactory.java:482)
        at org.springframework.beans.factory.support.AbstractBeanFactory$1.getObject(AbstractBeanFactory.java:306)
        at org.springframework.beans.factory.support.DefaultSingletonBeanRegistry.getSingleton(DefaultSingletonBeanRegistry.java:230)
        at org.springframework.beans.factory.support.AbstractBeanFactory.doGetBean(AbstractBeanFactory.java:302)
        at org.springframework.beans.factory.support.AbstractBeanFactory.getBean(AbstractBeanFactory.java:197)
        at org.springframework.beans.factory.support.DefaultListableBeanFactory.preInstantiateSingletons(DefaultListableBeanFactory.java:754)
        at org.springframework.context.support.AbstractApplicationContext.finishBeanFactoryInitialization(AbstractApplicationContext.java:866)
        at org.springframework.context.support.AbstractApplicationContext.refresh(AbstractApplicationContext.java:542)
        at org.springframework.boot.context.embedded.EmbeddedWebApplicationContext.refresh(EmbeddedWebApplicationContext.java:122)
        at org.springframework.boot.SpringApplication.refresh(SpringApplication.java:761)
        at org.springframework.boot.SpringApplication.refreshContext(SpringApplication.java:371)
        at org.springframework.boot.SpringApplication.run(SpringApplication.java:315)
        at org.springframework.boot.SpringApplication.run(SpringApplication.java:1186)
        at org.springframework.boot.SpringApplication.run(SpringApplication.java:1175)
        at org.thingsboard.server.ThingsboardServerApplication.main(ThingsboardServerApplication.java:38)
        at sun.reflect.NativeMethodAccessorImpl.invoke0(Native Method)
        at sun.reflect.NativeMethodAccessorImpl.invoke(NativeMethodAccessorImpl.java:62)
        at sun.reflect.DelegatingMethodAccessorImpl.invoke(DelegatingMethodAccessorImpl.java:43)
        at java.lang.reflect.Method.invoke(Method.java:498)
        at org.springframework.boot.loader.MainMethodRunner.run(MainMethodRunner.java:48)
        at org.springframework.boot.loader.Launcher.launch(Launcher.java:87)
        at org.springframework.boot.loader.Launcher.launch(Launcher.java:50)
        at org.springframework.boot.loader.PropertiesLauncher.main(PropertiesLauncher.java:521)
Caused by: org.springframework.beans.factory.UnsatisfiedDependencyException: Error creating bean with name 'defaultActorService': Unsatisfied dependency expressed through field 'actorContext'$
        at org.springframework.beans.factory.annotation.AutowiredAnnotationBeanPostProcessor$AutowiredFieldElement.inject(AutowiredAnnotationBeanPostProcessor.java:592)
        at org.springframework.beans.factory.annotation.InjectionMetadata.inject(InjectionMetadata.java:88)
        at org.springframework.beans.factory.annotation.AutowiredAnnotationBeanPostProcessor.postProcessPropertyValues(AutowiredAnnotationBeanPostProcessor.java:370)
        at org.springframework.beans.factory.support.AbstractAutowireCapableBeanFactory.populateBean(AbstractAutowireCapableBeanFactory.java:1219)
        at org.springframework.beans.factory.support.AbstractAutowireCapableBeanFactory.doCreateBean(AbstractAutowireCapableBeanFactory.java:551)
        at org.springframework.beans.factory.support.AbstractAutowireCapableBeanFactory.createBean(AbstractAutowireCapableBeanFactory.java:482)
        at org.springframework.beans.factory.support.AbstractBeanFactory$1.getObject(AbstractBeanFactory.java:306)
        at org.springframework.beans.factory.support.DefaultSingletonBeanRegistry.getSingleton(DefaultSingletonBeanRegistry.java:230)
        at org.springframework.beans.factory.support.AbstractBeanFactory.doGetBean(AbstractBeanFactory.java:302)
        at org.springframework.beans.factory.support.AbstractBeanFactory.getBean(AbstractBeanFactory.java:202)
        at org.springframework.beans.factory.config.DependencyDescriptor.resolveCandidate(DependencyDescriptor.java:207)
        at org.springframework.beans.factory.support.DefaultListableBeanFactory.doResolveDependency(DefaultListableBeanFactory.java:1131)
        at org.springframework.beans.factory.support.DefaultListableBeanFactory.resolveDependency(DefaultListableBeanFactory.java:1059)
        at org.springframework.beans.factory.annotation.AutowiredAnnotationBeanPostProcessor$AutowiredFieldElement.inject(AutowiredAnnotationBeanPostProcessor.java:589)
        ... 27 common frames omitted
Caused by: org.springframework.beans.factory.UnsatisfiedDependencyException: Error creating bean with name 'actorSystemContext': Unsatisfied dependency expressed through field 'mailService'; $
        at org.springframework.beans.factory.annotation.AutowiredAnnotationBeanPostProcessor$AutowiredFieldElement.inject(AutowiredAnnotationBeanPostProcessor.java:592)
        at org.springframework.beans.factory.annotation.InjectionMetadata.inject(InjectionMetadata.java:88)
        at org.springframework.beans.factory.annotation.AutowiredAnnotationBeanPostProcessor.postProcessPropertyValues(AutowiredAnnotationBeanPostProcessor.java:370)
        at org.springframework.beans.factory.support.AbstractAutowireCapableBeanFactory.populateBean(AbstractAutowireCapableBeanFactory.java:1219)
        at org.springframework.beans.factory.support.AbstractAutowireCapableBeanFactory.doCreateBean(AbstractAutowireCapableBeanFactory.java:551)
        at org.springframework.beans.factory.support.AbstractAutowireCapableBeanFactory.createBean(AbstractAutowireCapableBeanFactory.java:482)
        at org.springframework.beans.factory.support.AbstractBeanFactory$1.getObject(AbstractBeanFactory.java:306)
        at org.springframework.beans.factory.support.DefaultSingletonBeanRegistry.getSingleton(DefaultSingletonBeanRegistry.java:230)
        at org.springframework.beans.factory.support.AbstractBeanFactory.doGetBean(AbstractBeanFactory.java:302)
        at org.springframework.beans.factory.support.AbstractBeanFactory.getBean(AbstractBeanFactory.java:202)
        at org.springframework.beans.factory.config.DependencyDescriptor.resolveCandidate(DependencyDescriptor.java:207)
        at org.springframework.beans.factory.support.DefaultListableBeanFactory.doResolveDependency(DefaultListableBeanFactory.java:1131)
        at org.springframework.beans.factory.support.DefaultListableBeanFactory.resolveDependency(DefaultListableBeanFactory.java:1059)
        at org.springframework.beans.factory.annotation.AutowiredAnnotationBeanPostProcessor$AutowiredFieldElement.inject(AutowiredAnnotationBeanPostProcessor.java:589)
        ... 40 common frames omitted
Caused by: org.springframework.beans.factory.BeanCreationException: Error creating bean with name 'defaultMailService': Invocation of init method failed; nested exception is org.thingsboard.s$
        at org.springframework.beans.factory.annotation.InitDestroyAnnotationBeanPostProcessor.postProcessBeforeInitialization(InitDestroyAnnotationBeanPostProcessor.java:137)
        at org.springframework.beans.factory.support.AbstractAutowireCapableBeanFactory.applyBeanPostProcessorsBeforeInitialization(AbstractAutowireCapableBeanFactory.java:408)
        at org.springframework.beans.factory.support.AbstractAutowireCapableBeanFactory.initializeBean(AbstractAutowireCapableBeanFactory.java:1575)
        at org.springframework.beans.factory.support.AbstractAutowireCapableBeanFactory.doCreateBean(AbstractAutowireCapableBeanFactory.java:553)
        at org.springframework.beans.factory.support.AbstractAutowireCapableBeanFactory.createBean(AbstractAutowireCapableBeanFactory.java:482)
        at org.springframework.beans.factory.support.AbstractBeanFactory$1.getObject(AbstractBeanFactory.java:306)
        at org.springframework.beans.factory.support.DefaultSingletonBeanRegistry.getSingleton(DefaultSingletonBeanRegistry.java:230)
        at org.springframework.beans.factory.support.AbstractBeanFactory.doGetBean(AbstractBeanFactory.java:302)
        at org.springframework.beans.factory.support.AbstractBeanFactory.getBean(AbstractBeanFactory.java:202)
        at org.springframework.beans.factory.config.DependencyDescriptor.resolveCandidate(DependencyDescriptor.java:207)
        at org.springframework.beans.factory.support.DefaultListableBeanFactory.doResolveDependency(DefaultListableBeanFactory.java:1131)
        at org.springframework.beans.factory.support.DefaultListableBeanFactory.resolveDependency(DefaultListableBeanFactory.java:1059)
        at org.springframework.beans.factory.annotation.AutowiredAnnotationBeanPostProcessor$AutowiredFieldElement.inject(AutowiredAnnotationBeanPostProcessor.java:589)
        ... 53 common frames omitted
Caused by: org.thingsboard.server.dao.exception.IncorrectParameterException: Failed to date mail configuration. Settings not found!
        at org.thingsboard.server.service.mail.DefaultMailService.updateMailConfiguration(DefaultMailService.java:81)
        at org.thingsboard.server.service.mail.DefaultMailService.init(DefaultMailService.java:70)
        at sun.reflect.NativeMethodAccessorImpl.invoke0(Native Method)
        at sun.reflect.NativeMethodAccessorImpl.invoke(NativeMethodAccessorImpl.java:62)
        at sun.reflect.DelegatingMethodAccessorImpl.invoke(DelegatingMethodAccessorImpl.java:43)
        at java.lang.reflect.Method.invoke(Method.java:498)
        at org.springframework.beans.factory.annotation.InitDestroyAnnotationBeanPostProcessor$LifecycleElement.invoke(InitDestroyAnnotationBeanPostProcessor.java:366)
        at org.springframework.beans.factory.annotation.InitDestroyAnnotationBeanPostProcessor$LifecycleMetadata.invokeInitMethods(InitDestroyAnnotationBeanPostProcessor.java:311)
        at org.springframework.beans.factory.annotation.InitDestroyAnnotationBeanPostProcessor.postProcessBeforeInitialization(InitDestroyAnnotationBeanPostProcessor.java:134)
        ... 65 common frames omitted
